[2025-07-16T17:43:47+03:00] GET /v4/product-list limit=1000&offset=0&from_date=2024-06-01%2017%3A08%3A00&to_date=2025-07-16%2017%3A08%3A00
[2025-07-16T17:43:48+03:00] HTTP 200: {"apiversion":4,"result":{"goods":[{"good_id":393703920,"gtin":"4627176565162","good_name":"–°–≤–∏—Ç—à–æ—Ç —Å –ø–µ—Ä—Å–æ–Ω–∞–ª–∏–∑–∞—Ü–∏–µ–π –∑–µ–ª–µ–Ω—ã–π –º—É–∂—Å–∫–æ–π XXL","tnved":"6110","brand_na
[2025-07-16T17:43:48+03:00] GET /v3/feed-product good_ids=556331886%3B556347702%3B556353555%3B556358082%3B556362126%3B556366989%3B556373394%3B556379370%3B556385199%3B556389699%3B556395930%3B556402125%3B556407420%3B556414560%3B556421760%3B556428435%3B556432920%3B556438386%3B556449786%3B556462068%3B556474611%3B556486779%3B556493880%3B556499397%3B658845894
[2025-07-16T17:43:48+03:00] HTTP 200: {"apiversion":3,"result":[{"good_id":556414560,"identified_by":[{"value":"4620280321297","type":"gtin","multiplier":1,"level":"trade-unit"}],"good_name":"–¢–æ–ª—Å—Ç–æ–≤–∫–∞ no guilt club –∫—Ä–µ–º–æ–≤–
[2025-07-16T17:43:48+03:00] GET /v3/feed-product good_ids=658863777%3B658871526%3B658873068%3B726430808%3B746580521%3B746598170%3B746601287%3B746606105%3B746613740%3B746619704%3B746648684%3B746653559%3B746665388%3B757069259%3B757069310%3B757069337%3B757069397%3B757069430%3B757069469%3B757069511%3B757069556%3B757069607%3B757069664%3B757069715%3B757069763
[2025-07-16T17:43:48+03:00] HTTP 200: {"apiversion":3,"result":[{"good_id":746665388,"identified_by":[{"value":"4620280321532","type":"gtin","multiplier":1,"level":"trade-unit"}],"good_name":"–•—É–¥–∏ —Å –º–µ–¥–∞–ª—å—é LAZY MOM —Ç–µ–º–Ω–æ
[2025-07-16T17:49:09+03:00] GET /v4/product-list limit=1000&offset=0&from_date=2024-06-01%2017%3A08%3A00&to_date=2025-07-16%2017%3A08%3A00
[2025-07-16T17:49:09+03:00] HTTP 200: {"apiversion":4,"result":{"goods":[{"good_id":393703920,"gtin":"4627176565162","good_name":"–°–≤–∏—Ç—à–æ—Ç —Å –ø–µ—Ä—Å–æ–Ω–∞–ª–∏–∑–∞—Ü–∏–µ–π –∑–µ–ª–µ–Ω—ã–π –º—É–∂—Å–∫–æ–π XXL","tnved":"6110","brand_na
[2025-07-16T17:49:09+03:00] GET /v3/feed-product good_ids=556331886%3B556347702%3B556353555%3B556358082%3B556362126%3B556366989%3B556373394%3B556379370%3B556385199%3B556389699%3B556395930%3B556402125%3B556407420%3B556414560%3B556421760%3B556428435%3B556432920%3B556438386%3B556449786%3B556462068%3B556474611%3B556486779%3B556493880%3B556499397%3B658845894
[2025-07-16T17:49:10+03:00] HTTP 200: {"apiversion":3,"result":[{"good_id":556414560,"identified_by":[{"value":"4620280321297","type":"gtin","multiplier":1,"level":"trade-unit"}],"good_name":"–¢–æ–ª—Å—Ç–æ–≤–∫–∞ no guilt club –∫—Ä–µ–º–æ–≤–
[2025-07-16T17:49:10+03:00] GET /v3/feed-product good_ids=658863777%3B658871526%3B658873068%3B726430808%3B746580521%3B746598170%3B746601287%3B746606105%3B746613740%3B746619704%3B746648684%3B746653559%3B746665388%3B757069259%3B757069310%3B757069337%3B757069397%3B757069430%3B757069469%3B757069511%3B757069556%3B757069607%3B757069664%3B757069715%3B757069763
[2025-07-16T17:49:10+03:00] HTTP 200: {"apiversion":3,"result":[{"good_id":746665388,"identified_by":[{"value":"4620280321532","type":"gtin","multiplier":1,"level":"trade-unit"}],"good_name":"–•—É–¥–∏ —Å –º–µ–¥–∞–ª—å—é LAZY MOM —Ç–µ–º–Ω–æ
[2025-07-16T17:49:15+03:00] GET /v4/product-list limit=1000&offset=0&from_date=2024-07-16%2017%3A49%3A15&to_date=2025-07-16%2017%3A49%3A15
[2025-07-16T17:49:16+03:00] HTTP 200: {"apiversion":4,"result":{"goods":[{"good_id":539151330,"gtin":"4620280320764","good_name":"–°–≤–∏—Ç—à–æ—Ç —Å –ø–µ—Ä—Å–æ–Ω–∞–ª–∏–∑–∞—Ü–∏–µ–π –≥–æ–ª—É–±–æ–π –¥–µ—Ç—Å–∫–∏–π 92","tnved":"6110","brand_nam
[2025-07-16T17:49:16+03:00] GET /v4/product-list limit=1000&offset=0&from_date=2024-07-16%2017%3A49%3A16&to_date=2025-07-16%2017%3A49%3A16
[2025-07-16T17:49:16+03:00] HTTP 200: {"apiversion":4,"result":{"goods":[{"good_id":539151330,"gtin":"4620280320764","good_name":"–°–≤–∏—Ç—à–æ—Ç —Å –ø–µ—Ä—Å–æ–Ω–∞–ª–∏–∑–∞—Ü–∏–µ–π –≥–æ–ª—É–±–æ–π –¥–µ—Ç—Å–∫–∏–π 92","tnved":"6110","brand_nam
[2025-09-11T17:23:38+03:00] GET /v4/product-list limit=1000&offset=0&to_date=2025-09-11%2017%3A23%3A38
[2025-09-11T17:23:39+03:00] HTTP 200: {"apiversion":4,"result":{"goods":[{"good_id":889622012,"gtin":"4620280322652","good_name":"–®–æ—Ä—Ç—ã –≤ —Ä–æ–∑–æ–≤–æ-–∫—Ä–∞—Å–Ω—É—é –ø–æ–ª–æ—Å–∫—É XS-M","tnved":"6204","brand_name":"Momset","good_st
[2025-09-11T17:23:39+03:00] GET /v3/feed-product good_ids=889622012%3B889642217%3B889665638%3B889753856%3B889768022%3B906484010%3B906493541%3B906500102%3B906503885%3B906508256%3B906512768
[2025-09-11T17:23:39+03:00] HTTP 200: {"apiversion":3,"result":[{"good_id":889622012,"identified_by":[{"value":"4620280322652","type":"gtin","multiplier":1,"level":"trade-unit"}],"good_name":"–®–æ—Ä—Ç—ã –≤ —Ä–æ–∑–æ–≤–æ-–∫—Ä–∞—Å–Ω—É—é –ø–æ
[2025-09-18T18:08:02+03:00] GET /v4/product-list limit=1000&offset=0&to_date=2025-09-18%2018%3A08%3A02
[2025-09-18T18:08:03+03:00] HTTP 200: {"apiversion":4,"result":{"goods":[{"good_id":889622012,"gtin":"4620280322652","good_name":"–®–æ—Ä—Ç—ã –≤ —Ä–æ–∑–æ–≤–æ-–∫—Ä–∞—Å–Ω—É—é –ø–æ–ª–æ—Å–∫—É XS-M","tnved":"6204","brand_name":"Momset","good_st
[2025-09-18T18:08:03+03:00] GET /v3/feed-product good_ids=889622012%3B889642217%3B889665638%3B889753856%3B889768022%3B906484010%3B906493541%3B906500102%3B906503885%3B906508256%3B906512768
[2025-09-18T18:08:03+03:00] HTTP 200: {"apiversion":3,"result":[{"good_id":889622012,"identified_by":[{"value":"4620280322652","type":"gtin","multiplier":1,"level":"trade-unit"}],"good_name":"–®–æ—Ä—Ç—ã –≤ —Ä–æ–∑–æ–≤–æ-–∫—Ä–∞—Å–Ω—É—é –ø–æ
[2025-09-18T18:08:05+03:00] GET /v4/product-list limit=1000&offset=0&from_date=2024-09-18%2018%3A08%3A05&to_date=2025-09-18%2018%3A08%3A05
[2025-09-18T18:08:06+03:00] HTTP 200: {"apiversion":4,"result":{"goods":[{"good_id":386153589,"gtin":"4627176565056","good_name":"–°–≤–∏—Ç—à–æ—Ç —Å –ø–µ—Ä—Å–æ–Ω–∞–ª–∏–∑–∞—Ü–∏–µ–π –º—É–∂—Å–∫–æ–π XXL","tnved":"6110","brand_name":"Momset","g
[2025-09-18T18:08:07+03:00] GET /v4/product-list limit=1000&offset=0&from_date=2024-09-18%2018%3A08%3A07&to_date=2025-09-18%2018%3A08%3A07
[2025-09-18T18:08:07+03:00] HTTP 200: {"apiversion":4,"result":{"goods":[{"good_id":386153589,"gtin":"4627176565056","good_name":"–°–≤–∏—Ç—à–æ—Ç —Å –ø–µ—Ä—Å–æ–Ω–∞–ª–∏–∑–∞—Ü–∏–µ–π –º—É–∂—Å–∫–æ–π XXL","tnved":"6110","brand_name":"Momset","g
[2025-09-19T21:13:04+03:00] GET /v4/product-list limit=200&offset=0&from_date=2025-06-19%2000%3A00%3A00&to_date=2025-09-19%2023%3A59%3A59
[2025-09-19T21:13:04+03:00] HTTP 200: {"apiversion":4,"result":{"goods":[{"good_id":386153589,"gtin":"4627176565056","good_name":"–°–≤–∏—Ç—à–æ—Ç —Å –ø–µ—Ä—Å–æ–Ω–∞–ª–∏–∑–∞—Ü–∏–µ–π –º—É–∂—Å–∫–æ–π XXL","tnved":"6110","brand_name":"Momset","g
[2025-09-19T21:13:04+03:00] GET /v3/feed-product good_ids=386153589%3B757069259%3B757069310%3B757069337%3B757069397%3B757069430%3B757069469%3B757069511%3B757069556%3B878390519%3B878406746%3B889622012%3B889642217%3B889665638%3B889753856%3B889768022%3B906484010%3B906493541%3B906500102%3B906503885%3B906508256%3B906512768
[2025-09-19T21:13:04+03:00] HTTP 200: {"apiversion":3,"result":[{"good_id":889622012,"identified_by":[{"value":"4620280322652","type":"gtin","multiplier":1,"level":"trade-unit"}],"good_name":"–®–æ—Ä—Ç—ã –≤ —Ä–æ–∑–æ–≤–æ-–∫—Ä–∞—Å–Ω—É—é –ø–æ
[2025-09-19T21:13:30+03:00] GET /v4/product-list limit=200&offset=0&from_date=2025-06-19%2000%3A00%3A00&to_date=2025-09-19%2023%3A59%3A59
[2025-09-19T21:13:30+03:00] HTTP 200: {"apiversion":4,"result":{"goods":[{"good_id":386153589,"gtin":"4627176565056","good_name":"–°–≤–∏—Ç—à–æ—Ç —Å –ø–µ—Ä—Å–æ–Ω–∞–ª–∏–∑–∞—Ü–∏–µ–π –º—É–∂—Å–∫–æ–π XXL","tnved":"6110","brand_name":"Momset","g
[2025-09-19T21:13:30+03:00] GET /v3/feed-product good_ids=386153589%3B757069259%3B757069310%3B757069337%3B757069397%3B757069430%3B757069469%3B757069511%3B757069556%3B878390519%3B878406746%3B889622012%3B889642217%3B889665638%3B889753856%3B889768022%3B906484010%3B906493541%3B906500102%3B906503885%3B906508256%3B906512768
[2025-09-19T21:13:31+03:00] HTTP 200: {"apiversion":3,"result":[{"good_id":889622012,"identified_by":[{"value":"4620280322652","type":"gtin","multiplier":1,"level":"trade-unit"}],"good_name":"–®–æ—Ä—Ç—ã –≤ —Ä–æ–∑–æ–≤–æ-–∫—Ä–∞—Å–Ω—É—é –ø–æ
